<?xml version="1.0" encoding="UTF-8"?>
<!-- Generated by org.testng.reporters.JUnitReportReporter -->
<testsuite hostname="ASCINLAP60715" failures="0" tests="3" name="com.example.test_odyssey.tests.OdysseyTestG" time="32.767" errors="0" timestamp="2024-11-12T15:50:39 IST" skipped="0">
  <testcase classname="com.example.test_odyssey.tests.OdysseyTestG" name="testCreateAccount" time="23.610"/>
  <testcase classname="com.example.test_odyssey.tests.OdysseyTestG" name="testLogout" time="5.177"/>
  <testcase classname="com.example.test_odyssey.tests.OdysseyTestG" name="testLogin" time="3.980"/>
</testsuite> <!-- com.example.test_odyssey.tests.OdysseyTestG -->
