<?xml version="1.0" encoding="UTF-8"?>
<!-- Generated by org.testng.reporters.JUnitReportReporter -->
<testsuite hostname="ASCINLAP60715" failures="0" tests="1" name="pac1.PATCH_Book2" time="1.204" errors="0" timestamp="2024-11-14T12:16:48 IST" skipped="0">
  <testcase classname="pac1.PATCH_Book2" name="postbooks" time="1.204"/>
</testsuite> <!-- pac1.PATCH_Book2 -->
