<?xml version="1.0" encoding="UTF-8"?>
<!-- Generated by org.testng.reporters.JUnitReportReporter -->
<testsuite hostname="ASCINLAP60715" failures="0" tests="1" name="pac1.GET_AllBooks_BDD" time="3.167" errors="0" timestamp="2024-11-14T12:03:39 IST" skipped="0">
  <testcase classname="pac1.GET_AllBooks_BDD" name="getbooks" time="3.167"/>
</testsuite> <!-- pac1.GET_AllBooks_BDD -->
