<?xml version="1.0" encoding="UTF-8"?>
<!-- Generated by org.testng.reporters.JUnitReportReporter -->
<testsuite hostname="ASCINLAP60715" failures="0" tests="1" name="pac1.POST_Book" time="2.370" errors="0" timestamp="2024-11-14T12:04:46 IST" skipped="0">
  <testcase classname="pac1.POST_Book" name="postbooks" time="2.370"/>
</testsuite> <!-- pac1.POST_Book -->
